<?xml version="1.0" encoding="UTF-8"?>
<!-- Generated by org.testng.reporters.JUnitReportReporter -->
<testsuite hostname="DESKTOP-V6BGOSB" failures="0" tests="1" name="LoggerTest" time="5.328" errors="0" timestamp="2022-06-11T10:14:18 IST" skipped="0">
  <testcase classname="LoggerTest" name="verifyTitleTest" time="5.328"/>
  <system-out/>
</testsuite> <!-- LoggerTest -->
